-- The C compiler identification is GNU 11.4.0
-- The CXX compiler identification is GNU 11.4.0
-- Detecting C compiler ABI info
-- Detecting C compiler ABI info - done
-- Check for working C compiler: /usr/bin/cc - skipped
-- Detecting C compile features
-- Detecting C compile features - done
-- Detecting CXX compiler ABI info
-- Detecting CXX compiler ABI info - done
-- Check for working CXX compiler: /usr/bin/c++ - skipped
-- Detecting CXX compile features
-- Detecting CXX compile features - done
-- Found ament_cmake: 1.3.11 (/opt/ros/humble/share/ament_cmake/cmake)
-- Found Python3: /usr/bin/python3 (found version "3.10.12") found components: Interpreter 
-- Found rclcpp: 16.0.12 (/opt/ros/humble/share/rclcpp/cmake)
-- Found rosidl_generator_c: 3.1.6 (/opt/ros/humble/share/rosidl_generator_c/cmake)
-- Found rosidl_adapter: 3.1.6 (/opt/ros/humble/share/rosidl_adapter/cmake)
-- Found rosidl_generator_cpp: 3.1.6 (/opt/ros/humble/share/rosidl_generator_cpp/cmake)
-- Using all available rosidl_typesupport_c: rosidl_typesupport_fastrtps_c;rosidl_typesupport_introspection_c
-- Using all available rosidl_typesupport_cpp: rosidl_typesupport_fastrtps_cpp;rosidl_typesupport_introspection_cpp
-- Found rmw_implementation_cmake: 6.1.2 (/opt/ros/humble/share/rmw_implementation_cmake/cmake)
-- Found rmw_fastrtps_cpp: 6.2.7 (/opt/ros/humble/share/rmw_fastrtps_cpp/cmake)
-- Found OpenSSL: /usr/lib/x86_64-linux-gnu/libcrypto.so (found version "3.0.2")  
-- Found FastRTPS: /opt/ros/humble/include  
-- Using RMW implementation 'rmw_fastrtps_cpp' as default
-- Looking for pthread.h
-- Looking for pthread.h - found
-- Performing Test CMAKE_HAVE_LIBC_PTHREAD
-- Performing Test CMAKE_HAVE_LIBC_PTHREAD - Success
-- Found Threads: TRUE  
-- Found std_srvs: 4.8.0 (/opt/ros/humble/share/std_srvs/cmake)
-- Found geometry_msgs: 4.8.0 (/opt/ros/humble/share/geometry_msgs/cmake)
-- Found turtlesim: 1.4.2 (/opt/ros/humble/share/turtlesim/cmake)
-- Found rosidl_default_generators: 1.2.0 (/opt/ros/humble/share/rosidl_default_generators/cmake)
-- Found ament_cmake_ros: 0.10.0 (/opt/ros/humble/share/ament_cmake_ros/cmake)
-- Using all available rosidl_typesupport_c: rosidl_typesupport_fastrtps_c;rosidl_typesupport_introspection_c
-- Using all available rosidl_typesupport_cpp: rosidl_typesupport_fastrtps_cpp;rosidl_typesupport_introspection_cpp
-- Found PythonInterp: /usr/bin/python3 (found suitable version "3.10.12", minimum required is "3.6") 
-- Found python_cmake_module: 0.10.0 (/opt/ros/humble/share/python_cmake_module/cmake)
-- Found PythonLibs: /usr/lib/x86_64-linux-gnu/libpython3.10.so (found suitable version "3.10.12", minimum required is "3.5") 
-- Using PYTHON_EXECUTABLE: /usr/bin/python3
-- Using PYTHON_INCLUDE_DIRS: /usr/include/python3.10
-- Using PYTHON_LIBRARIES: /usr/lib/x86_64-linux-gnu/libpython3.10.so
-- Found PythonExtra: .so  
[0mCMake Deprecation Warning at /opt/ros/humble/share/rosidl_cmake/cmake/rosidl_target_interfaces.cmake:32 (message):
  Use rosidl_get_typesupport_target() and target_link_libraries() instead of
  rosidl_target_interfaces()
Call Stack (most recent call first):
  CMakeLists.txt:51 (rosidl_target_interfaces)

[0m
[0mCMake Deprecation Warning at /opt/ros/humble/share/rosidl_cmake/cmake/rosidl_target_interfaces.cmake:32 (message):
  Use rosidl_get_typesupport_target() and target_link_libraries() instead of
  rosidl_target_interfaces()
Call Stack (most recent call first):
  CMakeLists.txt:53 (rosidl_target_interfaces)

[0m
[0mCMake Deprecation Warning at /opt/ros/humble/share/rosidl_cmake/cmake/rosidl_target_interfaces.cmake:32 (message):
  Use rosidl_get_typesupport_target() and target_link_libraries() instead of
  rosidl_target_interfaces()
Call Stack (most recent call first):
  CMakeLists.txt:55 (rosidl_target_interfaces)

[0m
[0mCMake Deprecation Warning at /opt/ros/humble/share/rosidl_cmake/cmake/rosidl_target_interfaces.cmake:32 (message):
  Use rosidl_get_typesupport_target() and target_link_libraries() instead of
  rosidl_target_interfaces()
Call Stack (most recent call first):
  CMakeLists.txt:57 (rosidl_target_interfaces)

[0m
[0mCMake Deprecation Warning at /opt/ros/humble/share/rosidl_cmake/cmake/rosidl_target_interfaces.cmake:32 (message):
  Use rosidl_get_typesupport_target() and target_link_libraries() instead of
  rosidl_target_interfaces()
Call Stack (most recent call first):
  CMakeLists.txt:59 (rosidl_target_interfaces)

[0m
[0mCMake Deprecation Warning at /opt/ros/humble/share/rosidl_cmake/cmake/rosidl_target_interfaces.cmake:32 (message):
  Use rosidl_get_typesupport_target() and target_link_libraries() instead of
  rosidl_target_interfaces()
Call Stack (most recent call first):
  CMakeLists.txt:61 (rosidl_target_interfaces)

[0m
-- Configuring done
-- Generating done
-- Build files have been written to: /home/petr/ros2_workspace/src/homework1_petr/build/homework1_petr
[  1%] [34m[1mGenerating C++ code for ROS interfaces[0m
[  1%] Built target homework1_petr__cpp
[  1%] Built target ament_cmake_python_copy_homework1_petr
[  3%] [34m[1mGenerating C++ introspection for ROS interfaces[0m
[  5%] [32mBuilding CXX object CMakeFiles/homework1_petr__rosidl_typesupport_introspection_cpp.dir/rosidl_typesupport_introspection_cpp/homework1_petr/msg/detail/twist_array__type_support.cpp.o[0m
[  6%] [32mBuilding CXX object CMakeFiles/homework1_petr__rosidl_typesupport_introspection_cpp.dir/rosidl_typesupport_introspection_cpp/homework1_petr/msg/detail/pose_array_custom__type_support.cpp.o[0m
[  8%] [32mBuilding CXX object CMakeFiles/homework1_petr__rosidl_typesupport_introspection_cpp.dir/rosidl_typesupport_introspection_cpp/homework1_petr/srv/detail/start_stop__type_support.cpp.o[0m
[ 10%] [32m[1mLinking CXX shared library libhomework1_petr__rosidl_typesupport_introspection_cpp.so[0m
[ 10%] Built target homework1_petr__rosidl_typesupport_introspection_cpp
running egg_info
creating homework1_petr.egg-info
writing homework1_petr.egg-info/PKG-INFO
writing dependency_links to homework1_petr.egg-info/dependency_links.txt
writing top-level names to homework1_petr.egg-info/top_level.txt
writing manifest file 'homework1_petr.egg-info/SOURCES.txt'
reading manifest file 'homework1_petr.egg-info/SOURCES.txt'
writing manifest file 'homework1_petr.egg-info/SOURCES.txt'
[ 10%] Built target ament_cmake_python_build_homework1_petr_egg
[ 11%] [34m[1mGenerating C++ type support for eProsima Fast-RTPS[0m
[ 13%] [32mBuilding CXX object CMakeFiles/homework1_petr__rosidl_typesupport_fastrtps_cpp.dir/rosidl_typesupport_fastrtps_cpp/homework1_petr/msg/detail/dds_fastrtps/twist_array__type_support.cpp.o[0m
[ 15%] [32mBuilding CXX object CMakeFiles/homework1_petr__rosidl_typesupport_fastrtps_cpp.dir/rosidl_typesupport_fastrtps_cpp/homework1_petr/msg/detail/dds_fastrtps/pose_array_custom__type_support.cpp.o[0m
[ 16%] [32mBuilding CXX object CMakeFiles/homework1_petr__rosidl_typesupport_fastrtps_cpp.dir/rosidl_typesupport_fastrtps_cpp/homework1_petr/srv/detail/dds_fastrtps/start_stop__type_support.cpp.o[0m
[ 18%] [32m[1mLinking CXX shared library libhomework1_petr__rosidl_typesupport_fastrtps_cpp.so[0m
[ 18%] Built target homework1_petr__rosidl_typesupport_fastrtps_cpp
[ 20%] [34m[1mGenerating C++ type support dispatch for ROS interfaces[0m
[ 22%] [32mBuilding CXX object CMakeFiles/homework1_petr__rosidl_typesupport_cpp.dir/rosidl_typesupport_cpp/homework1_petr/msg/twist_array__type_support.cpp.o[0m
[ 23%] [32mBuilding CXX object CMakeFiles/homework1_petr__rosidl_typesupport_cpp.dir/rosidl_typesupport_cpp/homework1_petr/msg/pose_array_custom__type_support.cpp.o[0m
[ 25%] [32mBuilding CXX object CMakeFiles/homework1_petr__rosidl_typesupport_cpp.dir/rosidl_typesupport_cpp/homework1_petr/srv/start_stop__type_support.cpp.o[0m
[ 27%] [32m[1mLinking CXX shared library libhomework1_petr__rosidl_typesupport_cpp.so[0m
[ 27%] Built target homework1_petr__rosidl_typesupport_cpp
[ 28%] [34m[1mGenerating C code for ROS interfaces[0m
[ 30%] [32mBuilding C object CMakeFiles/homework1_petr__rosidl_generator_c.dir/rosidl_generator_c/homework1_petr/msg/detail/twist_array__functions.c.o[0m
[ 32%] [32mBuilding C object CMakeFiles/homework1_petr__rosidl_generator_c.dir/rosidl_generator_c/homework1_petr/msg/detail/pose_array_custom__functions.c.o[0m
[ 33%] [32mBuilding C object CMakeFiles/homework1_petr__rosidl_generator_c.dir/rosidl_generator_c/homework1_petr/srv/detail/start_stop__functions.c.o[0m
[ 35%] [32m[1mLinking C shared library libhomework1_petr__rosidl_generator_c.so[0m
[ 35%] Built target homework1_petr__rosidl_generator_c
[ 37%] [34m[1mGenerating C type support for eProsima Fast-RTPS[0m
[ 38%] [32mBuilding CXX object CMakeFiles/homework1_petr__rosidl_typesupport_fastrtps_c.dir/rosidl_typesupport_fastrtps_c/homework1_petr/msg/detail/twist_array__type_support_c.cpp.o[0m
[ 40%] [32mBuilding CXX object CMakeFiles/homework1_petr__rosidl_typesupport_fastrtps_c.dir/rosidl_typesupport_fastrtps_c/homework1_petr/msg/detail/pose_array_custom__type_support_c.cpp.o[0m
[ 42%] [32mBuilding CXX object CMakeFiles/homework1_petr__rosidl_typesupport_fastrtps_c.dir/rosidl_typesupport_fastrtps_c/homework1_petr/srv/detail/start_stop__type_support_c.cpp.o[0m
[ 44%] [32m[1mLinking CXX shared library libhomework1_petr__rosidl_typesupport_fastrtps_c.so[0m
[ 44%] Built target homework1_petr__rosidl_typesupport_fastrtps_c
[ 45%] [34m[1mGenerating C type support dispatch for ROS interfaces[0m
[ 47%] [32mBuilding CXX object CMakeFiles/homework1_petr__rosidl_typesupport_c.dir/rosidl_typesupport_c/homework1_petr/msg/twist_array__type_support.cpp.o[0m
[ 49%] [32mBuilding CXX object CMakeFiles/homework1_petr__rosidl_typesupport_c.dir/rosidl_typesupport_c/homework1_petr/msg/pose_array_custom__type_support.cpp.o[0m
[ 50%] [32mBuilding CXX object CMakeFiles/homework1_petr__rosidl_typesupport_c.dir/rosidl_typesupport_c/homework1_petr/srv/start_stop__type_support.cpp.o[0m
[ 52%] [32m[1mLinking CXX shared library libhomework1_petr__rosidl_typesupport_c.so[0m
[ 52%] Built target homework1_petr__rosidl_typesupport_c
[ 54%] [34m[1mGenerating C introspection for ROS interfaces[0m
[ 55%] [32mBuilding C object CMakeFiles/homework1_petr__rosidl_typesupport_introspection_c.dir/rosidl_typesupport_introspection_c/homework1_petr/msg/detail/twist_array__type_support.c.o[0m
[ 57%] [32mBuilding C object CMakeFiles/homework1_petr__rosidl_typesupport_introspection_c.dir/rosidl_typesupport_introspection_c/homework1_petr/msg/detail/pose_array_custom__type_support.c.o[0m
[ 59%] [32mBuilding C object CMakeFiles/homework1_petr__rosidl_typesupport_introspection_c.dir/rosidl_typesupport_introspection_c/homework1_petr/srv/detail/start_stop__type_support.c.o[0m
[ 61%] [32m[1mLinking C shared library libhomework1_petr__rosidl_typesupport_introspection_c.so[0m
[ 61%] Built target homework1_petr__rosidl_typesupport_introspection_c
[ 61%] Built target homework1_petr
[ 62%] [34m[1mGenerating Python code for ROS interfaces[0m
[ 62%] Built target homework1_petr__py
[ 64%] [32mBuilding CXX object CMakeFiles/status_node.dir/src/status_node.cpp.o[0m
[ 66%] [32m[1mLinking CXX executable status_node[0m
[ 66%] Built target status_node
[ 67%] [32mBuilding C object CMakeFiles/homework1_petr__rosidl_generator_py.dir/rosidl_generator_py/homework1_petr/msg/_twist_array_s.c.o[0m
[ 69%] [32mBuilding C object CMakeFiles/homework1_petr__rosidl_generator_py.dir/rosidl_generator_py/homework1_petr/srv/_start_stop_s.c.o[0m
[ 71%] [32mBuilding C object CMakeFiles/homework1_petr__rosidl_generator_py.dir/rosidl_generator_py/homework1_petr/msg/_pose_array_custom_s.c.o[0m
[ 72%] [32m[1mLinking C shared library rosidl_generator_py/homework1_petr/libhomework1_petr__rosidl_generator_py.so[0m
[ 72%] Built target homework1_petr__rosidl_generator_py
[ 74%] [32mBuilding CXX object CMakeFiles/mapper_node.dir/src/mapper_node.cpp.o[0m
[ 76%] [32m[1mLinking CXX executable mapper_node[0m
[ 76%] Built target mapper_node
[ 77%] [32mBuilding C object CMakeFiles/homework1_petr__rosidl_typesupport_introspection_c__pyext.dir/rosidl_generator_py/homework1_petr/_homework1_petr_s.ep.rosidl_typesupport_introspection_c.c.o[0m
[ 79%] [32m[1mLinking C shared library rosidl_generator_py/homework1_petr/homework1_petr_s__rosidl_typesupport_introspection_c.cpython-310-x86_64-linux-gnu.so[0m
[ 79%] Built target homework1_petr__rosidl_typesupport_introspection_c__pyext
[ 81%] [32mBuilding C object CMakeFiles/homework1_petr__rosidl_typesupport_c__pyext.dir/rosidl_generator_py/homework1_petr/_homework1_petr_s.ep.rosidl_typesupport_c.c.o[0m
[ 83%] [32m[1mLinking C shared library rosidl_generator_py/homework1_petr/homework1_petr_s__rosidl_typesupport_c.cpython-310-x86_64-linux-gnu.so[0m
[ 83%] Built target homework1_petr__rosidl_typesupport_c__pyext
[ 84%] [32mBuilding C object CMakeFiles/homework1_petr__rosidl_typesupport_fastrtps_c__pyext.dir/rosidl_generator_py/homework1_petr/_homework1_petr_s.ep.rosidl_typesupport_fastrtps_c.c.o[0m
[ 86%] [32m[1mLinking C shared library rosidl_generator_py/homework1_petr/homework1_petr_s__rosidl_typesupport_fastrtps_c.cpython-310-x86_64-linux-gnu.so[0m
[ 86%] Built target homework1_petr__rosidl_typesupport_fastrtps_c__pyext
[ 88%] [32mBuilding CXX object CMakeFiles/collector_node.dir/src/collector_node.cpp.o[0m
[01m[K/home/petr/ros2_workspace/src/homework1_petr/src/collector_node.cpp:11:10:[m[K [01;31m[Kfatal error: [m[Ktf2/LinearMath/Quaternion.h: No such file or directory
   11 | #include [01;31m[K<tf2/LinearMath/Quaternion.h>[m[K
      |          [01;31m[K^~~~~~~~~~~~~~~~~~~~~~~~~~~~~[m[K
compilation terminated.
gmake[2]: *** [CMakeFiles/collector_node.dir/build.make:76: CMakeFiles/collector_node.dir/src/collector_node.cpp.o] Error 1
gmake[1]: *** [CMakeFiles/Makefile2:688: CMakeFiles/collector_node.dir/all] Error 2
gmake: *** [Makefile:146: all] Error 2
