[0.608s] Invoking command in '/home/petr/ros2_workspace/src/homework1_petr/build/homework1_petr': CMAKE_PREFIX_PATH=/opt/ros/humble /usr/bin/cmake /home/petr/ros2_workspace/src/homework1_petr -DCMAKE_INSTALL_PREFIX=/home/petr/ros2_workspace/src/homework1_petr/install/homework1_petr
[6.220s] -- The C compiler identification is GNU 11.4.0
[9.177s] -- The CXX compiler identification is GNU 11.4.0
[9.811s] -- Detecting C compiler ABI info
[12.532s] -- Detecting C compiler ABI info - done
[12.675s] -- Check for working C compiler: /usr/bin/cc - skipped
[12.694s] -- Detecting C compile features
[12.762s] -- Detecting C compile features - done
[12.792s] -- Detecting CXX compiler ABI info
[15.037s] -- Detecting CXX compiler ABI info - done
[15.250s] -- Check for working CXX compiler: /usr/bin/c++ - skipped
[15.252s] -- Detecting CXX compile features
[15.252s] -- Detecting CXX compile features - done
[15.930s] -- Found ament_cmake: 1.3.11 (/opt/ros/humble/share/ament_cmake/cmake)
[18.863s] -- Found Python3: /usr/bin/python3 (found version "3.10.12") found components: Interpreter 
[20.521s] -- Found rclcpp: 16.0.12 (/opt/ros/humble/share/rclcpp/cmake)
[21.627s] -- Found rosidl_generator_c: 3.1.6 (/opt/ros/humble/share/rosidl_generator_c/cmake)
[21.735s] -- Found rosidl_adapter: 3.1.6 (/opt/ros/humble/share/rosidl_adapter/cmake)
[21.896s] -- Found rosidl_generator_cpp: 3.1.6 (/opt/ros/humble/share/rosidl_generator_cpp/cmake)
[22.694s] -- Using all available rosidl_typesupport_c: rosidl_typesupport_fastrtps_c;rosidl_typesupport_introspection_c
[23.086s] -- Using all available rosidl_typesupport_cpp: rosidl_typesupport_fastrtps_cpp;rosidl_typesupport_introspection_cpp
[24.030s] -- Found rmw_implementation_cmake: 6.1.2 (/opt/ros/humble/share/rmw_implementation_cmake/cmake)
[24.091s] -- Found rmw_fastrtps_cpp: 6.2.7 (/opt/ros/humble/share/rmw_fastrtps_cpp/cmake)
[26.086s] -- Found OpenSSL: /usr/lib/x86_64-linux-gnu/libcrypto.so (found version "3.0.2")  
[26.487s] -- Found FastRTPS: /opt/ros/humble/include  
[27.112s] -- Using RMW implementation 'rmw_fastrtps_cpp' as default
[27.181s] -- Looking for pthread.h
[29.015s] -- Looking for pthread.h - found
[29.084s] -- Performing Test CMAKE_HAVE_LIBC_PTHREAD
[31.864s] -- Performing Test CMAKE_HAVE_LIBC_PTHREAD - Success
[31.900s] -- Found Threads: TRUE  
[32.764s] -- Found std_srvs: 4.8.0 (/opt/ros/humble/share/std_srvs/cmake)
[32.933s] -- Found geometry_msgs: 4.8.0 (/opt/ros/humble/share/geometry_msgs/cmake)
[33.138s] -- Found turtlesim: 1.4.2 (/opt/ros/humble/share/turtlesim/cmake)
[34.016s] -- Found rosidl_default_generators: 1.2.0 (/opt/ros/humble/share/rosidl_default_generators/cmake)
[38.364s] -- Found ament_cmake_ros: 0.10.0 (/opt/ros/humble/share/ament_cmake_ros/cmake)
[44.621s] -- Using all available rosidl_typesupport_c: rosidl_typesupport_fastrtps_c;rosidl_typesupport_introspection_c
[47.052s] -- Using all available rosidl_typesupport_cpp: rosidl_typesupport_fastrtps_cpp;rosidl_typesupport_introspection_cpp
[47.480s] -- Found PythonInterp: /usr/bin/python3 (found suitable version "3.10.12", minimum required is "3.6") 
[47.509s] -- Found python_cmake_module: 0.10.0 (/opt/ros/humble/share/python_cmake_module/cmake)
[48.175s] -- Found PythonLibs: /usr/lib/x86_64-linux-gnu/libpython3.10.so (found suitable version "3.10.12", minimum required is "3.5") 
[48.180s] -- Using PYTHON_EXECUTABLE: /usr/bin/python3
[48.180s] -- Using PYTHON_INCLUDE_DIRS: /usr/include/python3.10
[48.180s] -- Using PYTHON_LIBRARIES: /usr/lib/x86_64-linux-gnu/libpython3.10.so
[48.491s] -- Found PythonExtra: .so  
[49.891s] [0mCMake Deprecation Warning at /opt/ros/humble/share/rosidl_cmake/cmake/rosidl_target_interfaces.cmake:32 (message):
[49.891s]   Use rosidl_get_typesupport_target() and target_link_libraries() instead of
[49.891s]   rosidl_target_interfaces()
[49.891s] Call Stack (most recent call first):
[49.891s]   CMakeLists.txt:51 (rosidl_target_interfaces)
[49.891s] 
[49.891s] [0m
[49.892s] [0mCMake Deprecation Warning at /opt/ros/humble/share/rosidl_cmake/cmake/rosidl_target_interfaces.cmake:32 (message):
[49.892s]   Use rosidl_get_typesupport_target() and target_link_libraries() instead of
[49.892s]   rosidl_target_interfaces()
[49.892s] Call Stack (most recent call first):
[49.892s]   CMakeLists.txt:53 (rosidl_target_interfaces)
[49.892s] 
[49.892s] [0m
[49.892s] [0mCMake Deprecation Warning at /opt/ros/humble/share/rosidl_cmake/cmake/rosidl_target_interfaces.cmake:32 (message):
[49.892s]   Use rosidl_get_typesupport_target() and target_link_libraries() instead of
[49.893s]   rosidl_target_interfaces()
[49.893s] Call Stack (most recent call first):
[49.898s]   CMakeLists.txt:55 (rosidl_target_interfaces)
[49.903s] 
[49.903s] [0m
[49.903s] [0mCMake Deprecation Warning at /opt/ros/humble/share/rosidl_cmake/cmake/rosidl_target_interfaces.cmake:32 (message):
[49.903s]   Use rosidl_get_typesupport_target() and target_link_libraries() instead of
[49.903s]   rosidl_target_interfaces()
[49.903s] Call Stack (most recent call first):
[49.904s]   CMakeLists.txt:57 (rosidl_target_interfaces)
[49.907s] 
[49.918s] [0m
[49.918s] [0mCMake Deprecation Warning at /opt/ros/humble/share/rosidl_cmake/cmake/rosidl_target_interfaces.cmake:32 (message):
[49.918s]   Use rosidl_get_typesupport_target() and target_link_libraries() instead of
[49.918s]   rosidl_target_interfaces()
[49.918s] Call Stack (most recent call first):
[49.918s]   CMakeLists.txt:59 (rosidl_target_interfaces)
[49.919s] 
[49.922s] [0m
[49.922s] [0mCMake Deprecation Warning at /opt/ros/humble/share/rosidl_cmake/cmake/rosidl_target_interfaces.cmake:32 (message):
[49.922s]   Use rosidl_get_typesupport_target() and target_link_libraries() instead of
[49.922s]   rosidl_target_interfaces()
[49.922s] Call Stack (most recent call first):
[49.922s]   CMakeLists.txt:61 (rosidl_target_interfaces)
[49.922s] 
[49.922s] [0m
[50.052s] -- Configuring done
[51.602s] -- Generating done
[52.211s] -- Build files have been written to: /home/petr/ros2_workspace/src/homework1_petr/build/homework1_petr
[52.579s] Invoked command in '/home/petr/ros2_workspace/src/homework1_petr/build/homework1_petr' returned '0': CMAKE_PREFIX_PATH=/opt/ros/humble /usr/bin/cmake /home/petr/ros2_workspace/src/homework1_petr -DCMAKE_INSTALL_PREFIX=/home/petr/ros2_workspace/src/homework1_petr/install/homework1_petr
[52.618s] Invoking command in '/home/petr/ros2_workspace/src/homework1_petr/build/homework1_petr': CMAKE_PREFIX_PATH=/opt/ros/humble /usr/bin/cmake --build /home/petr/ros2_workspace/src/homework1_petr/build/homework1_petr -- -j7 -l7
[54.042s] [  1%] [34m[1mGenerating C++ code for ROS interfaces[0m
[62.282s] [  1%] Built target homework1_petr__cpp
[62.969s] [  1%] Built target ament_cmake_python_copy_homework1_petr
[63.159s] [  3%] [34m[1mGenerating C++ introspection for ROS interfaces[0m
[67.658s] [  5%] [32mBuilding CXX object CMakeFiles/homework1_petr__rosidl_typesupport_introspection_cpp.dir/rosidl_typesupport_introspection_cpp/homework1_petr/msg/detail/twist_array__type_support.cpp.o[0m
[69.651s] [  6%] [32mBuilding CXX object CMakeFiles/homework1_petr__rosidl_typesupport_introspection_cpp.dir/rosidl_typesupport_introspection_cpp/homework1_petr/msg/detail/pose_array_custom__type_support.cpp.o[0m
[75.492s] [  8%] [32mBuilding CXX object CMakeFiles/homework1_petr__rosidl_typesupport_introspection_cpp.dir/rosidl_typesupport_introspection_cpp/homework1_petr/srv/detail/start_stop__type_support.cpp.o[0m
[79.898s] [ 10%] [32m[1mLinking CXX shared library libhomework1_petr__rosidl_typesupport_introspection_cpp.so[0m
[80.939s] [ 10%] Built target homework1_petr__rosidl_typesupport_introspection_cpp
[83.789s] running egg_info
[83.790s] creating homework1_petr.egg-info
[83.790s] writing homework1_petr.egg-info/PKG-INFO
[83.790s] writing dependency_links to homework1_petr.egg-info/dependency_links.txt
[83.813s] writing top-level names to homework1_petr.egg-info/top_level.txt
[83.813s] writing manifest file 'homework1_petr.egg-info/SOURCES.txt'
[83.863s] reading manifest file 'homework1_petr.egg-info/SOURCES.txt'
[83.863s] writing manifest file 'homework1_petr.egg-info/SOURCES.txt'
[84.301s] [ 10%] Built target ament_cmake_python_build_homework1_petr_egg
[84.472s] [ 11%] [34m[1mGenerating C++ type support for eProsima Fast-RTPS[0m
[88.919s] [ 13%] [32mBuilding CXX object CMakeFiles/homework1_petr__rosidl_typesupport_fastrtps_cpp.dir/rosidl_typesupport_fastrtps_cpp/homework1_petr/msg/detail/dds_fastrtps/twist_array__type_support.cpp.o[0m
[96.850s] [ 15%] [32mBuilding CXX object CMakeFiles/homework1_petr__rosidl_typesupport_fastrtps_cpp.dir/rosidl_typesupport_fastrtps_cpp/homework1_petr/msg/detail/dds_fastrtps/pose_array_custom__type_support.cpp.o[0m
[102.238s] [ 16%] [32mBuilding CXX object CMakeFiles/homework1_petr__rosidl_typesupport_fastrtps_cpp.dir/rosidl_typesupport_fastrtps_cpp/homework1_petr/srv/detail/dds_fastrtps/start_stop__type_support.cpp.o[0m
[106.922s] [ 18%] [32m[1mLinking CXX shared library libhomework1_petr__rosidl_typesupport_fastrtps_cpp.so[0m
[107.979s] [ 18%] Built target homework1_petr__rosidl_typesupport_fastrtps_cpp
[108.336s] [ 20%] [34m[1mGenerating C++ type support dispatch for ROS interfaces[0m
[112.904s] [ 22%] [32mBuilding CXX object CMakeFiles/homework1_petr__rosidl_typesupport_cpp.dir/rosidl_typesupport_cpp/homework1_petr/msg/twist_array__type_support.cpp.o[0m
[116.883s] [ 23%] [32mBuilding CXX object CMakeFiles/homework1_petr__rosidl_typesupport_cpp.dir/rosidl_typesupport_cpp/homework1_petr/msg/pose_array_custom__type_support.cpp.o[0m
[120.447s] [ 25%] [32mBuilding CXX object CMakeFiles/homework1_petr__rosidl_typesupport_cpp.dir/rosidl_typesupport_cpp/homework1_petr/srv/start_stop__type_support.cpp.o[0m
[123.515s] [ 27%] [32m[1mLinking CXX shared library libhomework1_petr__rosidl_typesupport_cpp.so[0m
[125.160s] [ 27%] Built target homework1_petr__rosidl_typesupport_cpp
[125.491s] [ 28%] [34m[1mGenerating C code for ROS interfaces[0m
[130.178s] [ 30%] [32mBuilding C object CMakeFiles/homework1_petr__rosidl_generator_c.dir/rosidl_generator_c/homework1_petr/msg/detail/twist_array__functions.c.o[0m
[131.440s] [ 32%] [32mBuilding C object CMakeFiles/homework1_petr__rosidl_generator_c.dir/rosidl_generator_c/homework1_petr/msg/detail/pose_array_custom__functions.c.o[0m
[132.354s] [ 33%] [32mBuilding C object CMakeFiles/homework1_petr__rosidl_generator_c.dir/rosidl_generator_c/homework1_petr/srv/detail/start_stop__functions.c.o[0m
[133.458s] [ 35%] [32m[1mLinking C shared library libhomework1_petr__rosidl_generator_c.so[0m
[134.308s] [ 35%] Built target homework1_petr__rosidl_generator_c
[134.545s] [ 37%] [34m[1mGenerating C type support for eProsima Fast-RTPS[0m
[139.924s] [ 38%] [32mBuilding CXX object CMakeFiles/homework1_petr__rosidl_typesupport_fastrtps_c.dir/rosidl_typesupport_fastrtps_c/homework1_petr/msg/detail/twist_array__type_support_c.cpp.o[0m
[146.326s] [ 40%] [32mBuilding CXX object CMakeFiles/homework1_petr__rosidl_typesupport_fastrtps_c.dir/rosidl_typesupport_fastrtps_c/homework1_petr/msg/detail/pose_array_custom__type_support_c.cpp.o[0m
[152.403s] [ 42%] [32mBuilding CXX object CMakeFiles/homework1_petr__rosidl_typesupport_fastrtps_c.dir/rosidl_typesupport_fastrtps_c/homework1_petr/srv/detail/start_stop__type_support_c.cpp.o[0m
[157.891s] [ 44%] [32m[1mLinking CXX shared library libhomework1_petr__rosidl_typesupport_fastrtps_c.so[0m
[159.483s] [ 44%] Built target homework1_petr__rosidl_typesupport_fastrtps_c
[159.823s] [ 45%] [34m[1mGenerating C type support dispatch for ROS interfaces[0m
[162.449s] [ 47%] [32mBuilding CXX object CMakeFiles/homework1_petr__rosidl_typesupport_c.dir/rosidl_typesupport_c/homework1_petr/msg/twist_array__type_support.cpp.o[0m
[163.190s] [ 49%] [32mBuilding CXX object CMakeFiles/homework1_petr__rosidl_typesupport_c.dir/rosidl_typesupport_c/homework1_petr/msg/pose_array_custom__type_support.cpp.o[0m
[163.954s] [ 50%] [32mBuilding CXX object CMakeFiles/homework1_petr__rosidl_typesupport_c.dir/rosidl_typesupport_c/homework1_petr/srv/start_stop__type_support.cpp.o[0m
[164.705s] [ 52%] [32m[1mLinking CXX shared library libhomework1_petr__rosidl_typesupport_c.so[0m
[165.570s] [ 52%] Built target homework1_petr__rosidl_typesupport_c
[165.936s] [ 54%] [34m[1mGenerating C introspection for ROS interfaces[0m
[170.071s] [ 55%] [32mBuilding C object CMakeFiles/homework1_petr__rosidl_typesupport_introspection_c.dir/rosidl_typesupport_introspection_c/homework1_petr/msg/detail/twist_array__type_support.c.o[0m
[170.645s] [ 57%] [32mBuilding C object CMakeFiles/homework1_petr__rosidl_typesupport_introspection_c.dir/rosidl_typesupport_introspection_c/homework1_petr/msg/detail/pose_array_custom__type_support.c.o[0m
[171.425s] [ 59%] [32mBuilding C object CMakeFiles/homework1_petr__rosidl_typesupport_introspection_c.dir/rosidl_typesupport_introspection_c/homework1_petr/srv/detail/start_stop__type_support.c.o[0m
[172.463s] [ 61%] [32m[1mLinking C shared library libhomework1_petr__rosidl_typesupport_introspection_c.so[0m
[173.456s] [ 61%] Built target homework1_petr__rosidl_typesupport_introspection_c
[174.003s] [ 61%] Built target homework1_petr
[174.406s] [ 62%] [34m[1mGenerating Python code for ROS interfaces[0m
[180.264s] [ 62%] Built target homework1_petr__py
[181.521s] [ 64%] [32mBuilding CXX object CMakeFiles/status_node.dir/src/status_node.cpp.o[0m
[272.421s] [ 66%] [32m[1mLinking CXX executable status_node[0m
[278.966s] [ 66%] Built target status_node
[279.425s] [ 67%] [32mBuilding C object CMakeFiles/homework1_petr__rosidl_generator_py.dir/rosidl_generator_py/homework1_petr/msg/_twist_array_s.c.o[0m
[281.715s] [ 69%] [32mBuilding C object CMakeFiles/homework1_petr__rosidl_generator_py.dir/rosidl_generator_py/homework1_petr/srv/_start_stop_s.c.o[0m
[283.344s] [ 71%] [32mBuilding C object CMakeFiles/homework1_petr__rosidl_generator_py.dir/rosidl_generator_py/homework1_petr/msg/_pose_array_custom_s.c.o[0m
[284.179s] [ 72%] [32m[1mLinking C shared library rosidl_generator_py/homework1_petr/libhomework1_petr__rosidl_generator_py.so[0m
[285.249s] [ 72%] Built target homework1_petr__rosidl_generator_py
[285.768s] [ 74%] [32mBuilding CXX object CMakeFiles/mapper_node.dir/src/mapper_node.cpp.o[0m
[378.191s] [ 76%] [32m[1mLinking CXX executable mapper_node[0m
[384.133s] [ 76%] Built target mapper_node
[384.692s] [ 77%] [32mBuilding C object CMakeFiles/homework1_petr__rosidl_typesupport_introspection_c__pyext.dir/rosidl_generator_py/homework1_petr/_homework1_petr_s.ep.rosidl_typesupport_introspection_c.c.o[0m
[386.937s] [ 79%] [32m[1mLinking C shared library rosidl_generator_py/homework1_petr/homework1_petr_s__rosidl_typesupport_introspection_c.cpython-310-x86_64-linux-gnu.so[0m
[387.872s] [ 79%] Built target homework1_petr__rosidl_typesupport_introspection_c__pyext
[388.370s] [ 81%] [32mBuilding C object CMakeFiles/homework1_petr__rosidl_typesupport_c__pyext.dir/rosidl_generator_py/homework1_petr/_homework1_petr_s.ep.rosidl_typesupport_c.c.o[0m
[390.963s] [ 83%] [32m[1mLinking C shared library rosidl_generator_py/homework1_petr/homework1_petr_s__rosidl_typesupport_c.cpython-310-x86_64-linux-gnu.so[0m
[391.888s] [ 83%] Built target homework1_petr__rosidl_typesupport_c__pyext
[392.498s] [ 84%] [32mBuilding C object CMakeFiles/homework1_petr__rosidl_typesupport_fastrtps_c__pyext.dir/rosidl_generator_py/homework1_petr/_homework1_petr_s.ep.rosidl_typesupport_fastrtps_c.c.o[0m
[394.399s] [ 86%] [32m[1mLinking C shared library rosidl_generator_py/homework1_petr/homework1_petr_s__rosidl_typesupport_fastrtps_c.cpython-310-x86_64-linux-gnu.so[0m
[395.507s] [ 86%] Built target homework1_petr__rosidl_typesupport_fastrtps_c__pyext
[395.987s] [ 88%] [32mBuilding CXX object CMakeFiles/collector_node.dir/src/collector_node.cpp.o[0m
[399.624s] [01m[K/home/petr/ros2_workspace/src/homework1_petr/src/collector_node.cpp:11:10:[m[K [01;31m[Kfatal error: [m[Ktf2/LinearMath/Quaternion.h: No such file or directory
[399.630s]    11 | #include [01;31m[K<tf2/LinearMath/Quaternion.h>[m[K
[399.630s]       |          [01;31m[K^~~~~~~~~~~~~~~~~~~~~~~~~~~~~[m[K
[399.630s] compilation terminated.
[399.635s] gmake[2]: *** [CMakeFiles/collector_node.dir/build.make:76: CMakeFiles/collector_node.dir/src/collector_node.cpp.o] Error 1
[399.635s] gmake[1]: *** [CMakeFiles/Makefile2:688: CMakeFiles/collector_node.dir/all] Error 2
[399.655s] gmake: *** [Makefile:146: all] Error 2
[400.109s] Invoked command in '/home/petr/ros2_workspace/src/homework1_petr/build/homework1_petr' returned '2': CMAKE_PREFIX_PATH=/opt/ros/humble /usr/bin/cmake --build /home/petr/ros2_workspace/src/homework1_petr/build/homework1_petr -- -j7 -l7
