[0.398s] DEBUG:colcon:Command line arguments: ['/usr/bin/colcon', 'build', '--packages-select', 'homework1_petr']
[0.399s] DEBUG:colcon:Parsed command line arguments: Namespace(log_base=None, log_level=None, verb_name='build', build_base='build', install_base='install', merge_install=False, symlink_install=False, test_result_base=None, continue_on_error=False, executor='parallel', parallel_workers=7, event_handlers=None, ignore_user_meta=False, metas=['./colcon.meta'], base_paths=['.'], packages_ignore=None, packages_ignore_regex=None, paths=None, packages_up_to=None, packages_up_to_regex=None, packages_above=None, packages_above_and_dependencies=None, packages_above_depth=None, packages_select_by_dep=None, packages_skip_by_dep=None, packages_skip_up_to=None, packages_select_build_failed=False, packages_skip_build_finished=False, packages_select_test_failures=False, packages_skip_test_passed=False, packages_select=['homework1_petr'], packages_skip=None, packages_select_regex=None, packages_skip_regex=None, packages_start=None, packages_end=None, allow_overriding=[], cmake_args=None, cmake_target=None, cmake_target_skip_unavailable=False, cmake_clean_cache=False, cmake_clean_first=False, cmake_force_configure=False, ament_cmake_args=None, catkin_cmake_args=None, catkin_skip_building_tests=False, mixin_files=None, mixin=None, verb_parser=<colcon_mixin.mixin.mixin_argument.MixinArgumentDecorator object at 0x7c52707dd4b0>, verb_extension=<colcon_core.verb.build.BuildVerb object at 0x7c52707dd000>, main=<bound method BuildVerb.main of <colcon_core.verb.build.BuildVerb object at 0x7c52707dd000>>, mixin_verb=('build',))
[0.930s] Level 1:colcon.colcon_core.package_discovery:discover_packages(colcon_meta) check parameters
[0.931s] Level 1:colcon.colcon_core.package_discovery:discover_packages(recursive) check parameters
[0.931s] Level 1:colcon.colcon_core.package_discovery:discover_packages(ignore) check parameters
[0.931s] Level 1:colcon.colcon_core.package_discovery:discover_packages(path) check parameters
[0.931s] Level 1:colcon.colcon_core.package_discovery:discover_packages(colcon_meta) discover
[0.931s] Level 1:colcon.colcon_core.package_discovery:discover_packages(recursive) discover
[0.931s] INFO:colcon.colcon_core.package_discovery:Crawling recursively for packages in '/home/petr/ros2_workspace/src/homework1_petr'
[0.931s] Level 1:colcon.colcon_core.package_identification:_identify(.) by extensions ['ignore', 'ignore_ament_install']
[0.931s] Level 1:colcon.colcon_core.package_identification:_identify(.) by extension 'ignore'
[0.931s] Level 1:colcon.colcon_core.package_identification:_identify(.) by extension 'ignore_ament_install'
[0.932s] Level 1:colcon.colcon_core.package_identification:_identify(.) by extensions ['colcon_pkg']
[0.932s] Level 1:colcon.colcon_core.package_identification:_identify(.) by extension 'colcon_pkg'
[0.932s] Level 1:colcon.colcon_core.package_identification:_identify(.) by extensions ['colcon_meta']
[0.932s] Level 1:colcon.colcon_core.package_identification:_identify(.) by extension 'colcon_meta'
[0.932s] Level 1:colcon.colcon_core.package_identification:_identify(.) by extensions ['ros']
[0.932s] Level 1:colcon.colcon_core.package_identification:_identify(.) by extension 'ros'
[1.056s] DEBUG:colcon.colcon_core.package_identification:Package '.' with type 'ros.ament_cmake' and name 'homework1_petr'
[1.059s] Level 1:colcon.colcon_core.package_discovery:discover_packages(recursive) using defaults
[1.059s] Level 1:colcon.colcon_core.package_discovery:discover_packages(ignore) discover
[1.060s] Level 1:colcon.colcon_core.package_discovery:discover_packages(ignore) using defaults
[1.060s] Level 1:colcon.colcon_core.package_discovery:discover_packages(path) discover
[1.060s] Level 1:colcon.colcon_core.package_discovery:discover_packages(path) using defaults
[1.464s] Level 1:colcon.colcon_core.package_discovery:discover_packages(prefix_path) check parameters
[1.465s] Level 1:colcon.colcon_core.package_discovery:discover_packages(prefix_path) discover
[1.474s] DEBUG:colcon.colcon_installed_package_information.package_discovery:Found 1 installed packages in /home/petr/ros2_workspace/install
[1.477s] DEBUG:colcon.colcon_installed_package_information.package_discovery:Found 271 installed packages in /opt/ros/humble
[1.479s] Level 1:colcon.colcon_core.package_discovery:discover_packages(prefix_path) using defaults
[1.750s] Level 5:colcon.colcon_core.verb:set package 'homework1_petr' build argument 'cmake_args' from command line to 'None'
[1.750s] Level 5:colcon.colcon_core.verb:set package 'homework1_petr' build argument 'cmake_target' from command line to 'None'
[1.750s] Level 5:colcon.colcon_core.verb:set package 'homework1_petr' build argument 'cmake_target_skip_unavailable' from command line to 'False'
[1.750s] Level 5:colcon.colcon_core.verb:set package 'homework1_petr' build argument 'cmake_clean_cache' from command line to 'False'
[1.750s] Level 5:colcon.colcon_core.verb:set package 'homework1_petr' build argument 'cmake_clean_first' from command line to 'False'
[1.751s] Level 5:colcon.colcon_core.verb:set package 'homework1_petr' build argument 'cmake_force_configure' from command line to 'False'
[1.751s] Level 5:colcon.colcon_core.verb:set package 'homework1_petr' build argument 'ament_cmake_args' from command line to 'None'
[1.751s] Level 5:colcon.colcon_core.verb:set package 'homework1_petr' build argument 'catkin_cmake_args' from command line to 'None'
[1.751s] Level 5:colcon.colcon_core.verb:set package 'homework1_petr' build argument 'catkin_skip_building_tests' from command line to 'False'
[1.751s] DEBUG:colcon.colcon_core.verb:Building package 'homework1_petr' with the following arguments: {'ament_cmake_args': None, 'build_base': '/home/petr/ros2_workspace/src/homework1_petr/build/homework1_petr', 'catkin_cmake_args': None, 'catkin_skip_building_tests': False, 'cmake_args': None, 'cmake_clean_cache': False, 'cmake_clean_first': False, 'cmake_force_configure': False, 'cmake_target': None, 'cmake_target_skip_unavailable': False, 'install_base': '/home/petr/ros2_workspace/src/homework1_petr/install/homework1_petr', 'merge_install': False, 'path': '/home/petr/ros2_workspace/src/homework1_petr', 'symlink_install': False, 'test_result_base': None}
[1.751s] INFO:colcon.colcon_core.executor:Executing jobs using 'parallel' executor
[1.768s] DEBUG:colcon.colcon_parallel_executor.executor.parallel:run_until_complete
[1.771s] INFO:colcon.colcon_ros.task.ament_cmake.build:Building ROS package in '/home/petr/ros2_workspace/src/homework1_petr' with build type 'ament_cmake'
[1.772s] INFO:colcon.colcon_cmake.task.cmake.build:Building CMake package in '/home/petr/ros2_workspace/src/homework1_petr'
[1.829s] INFO:colcon.colcon_core.plugin_system:Skipping extension 'colcon_core.shell.bat': Not used on non-Windows systems
[1.835s] INFO:colcon.colcon_core.shell:Skip shell extension 'powershell' for command environment: Not usable outside of PowerShell
[1.840s] DEBUG:colcon.colcon_core.shell:Skip shell extension 'dsv' for command environment
[2.443s] DEBUG:colcon.colcon_core.event_handler.log_command:Invoking command in '/home/petr/ros2_workspace/src/homework1_petr/build/homework1_petr': CMAKE_PREFIX_PATH=/opt/ros/humble /usr/bin/cmake /home/petr/ros2_workspace/src/homework1_petr -DCMAKE_INSTALL_PREFIX=/home/petr/ros2_workspace/src/homework1_petr/install/homework1_petr
[54.389s] DEBUG:colcon.colcon_core.event_handler.log_command:Invoked command in '/home/petr/ros2_workspace/src/homework1_petr/build/homework1_petr' returned '0': CMAKE_PREFIX_PATH=/opt/ros/humble /usr/bin/cmake /home/petr/ros2_workspace/src/homework1_petr -DCMAKE_INSTALL_PREFIX=/home/petr/ros2_workspace/src/homework1_petr/install/homework1_petr
[54.428s] DEBUG:colcon.colcon_core.event_handler.log_command:Invoking command in '/home/petr/ros2_workspace/src/homework1_petr/build/homework1_petr': CMAKE_PREFIX_PATH=/opt/ros/humble /usr/bin/cmake --build /home/petr/ros2_workspace/src/homework1_petr/build/homework1_petr -- -j7 -l7
[401.941s] DEBUG:colcon.colcon_core.event_handler.log_command:Invoked command in '/home/petr/ros2_workspace/src/homework1_petr/build/homework1_petr' returned '2': CMAKE_PREFIX_PATH=/opt/ros/humble /usr/bin/cmake --build /home/petr/ros2_workspace/src/homework1_petr/build/homework1_petr -- -j7 -l7
[402.213s] Level 1:colcon.colcon_core.environment:create_environment_scripts_only(homework1_petr)
[402.321s] Level 1:colcon.colcon_core.environment:checking '/home/petr/ros2_workspace/src/homework1_petr/install/homework1_petr' for CMake module files
[402.447s] Level 1:colcon.colcon_core.environment:checking '/home/petr/ros2_workspace/src/homework1_petr/install/homework1_petr' for CMake config files
[402.469s] Level 1:colcon.colcon_core.environment:checking '/home/petr/ros2_workspace/src/homework1_petr/install/homework1_petr/bin'
[402.480s] Level 1:colcon.colcon_core.environment:checking '/home/petr/ros2_workspace/src/homework1_petr/install/homework1_petr/lib/pkgconfig/homework1_petr.pc'
[402.502s] Level 1:colcon.colcon_core.environment:checking '/home/petr/ros2_workspace/src/homework1_petr/install/homework1_petr/lib/python3.10/site-packages'
[402.509s] Level 1:colcon.colcon_core.environment:checking '/home/petr/ros2_workspace/src/homework1_petr/install/homework1_petr/bin'
[402.519s] INFO:colcon.colcon_core.shell:Creating package script '/home/petr/ros2_workspace/src/homework1_petr/install/homework1_petr/share/homework1_petr/package.ps1'
[402.585s] INFO:colcon.colcon_core.shell:Creating package descriptor '/home/petr/ros2_workspace/src/homework1_petr/install/homework1_petr/share/homework1_petr/package.dsv'
[402.600s] INFO:colcon.colcon_core.shell:Creating package script '/home/petr/ros2_workspace/src/homework1_petr/install/homework1_petr/share/homework1_petr/package.sh'
[402.612s] INFO:colcon.colcon_core.shell:Creating package script '/home/petr/ros2_workspace/src/homework1_petr/install/homework1_petr/share/homework1_petr/package.bash'
[402.626s] INFO:colcon.colcon_core.shell:Creating package script '/home/petr/ros2_workspace/src/homework1_petr/install/homework1_petr/share/homework1_petr/package.zsh'
[402.647s] Level 1:colcon.colcon_core.environment:create_file_with_runtime_dependencies(/home/petr/ros2_workspace/src/homework1_petr/install/homework1_petr/share/colcon-core/packages/homework1_petr)
[402.694s] DEBUG:colcon.colcon_parallel_executor.executor.parallel:closing loop
[402.714s] DEBUG:colcon.colcon_parallel_executor.executor.parallel:loop closed
[402.714s] DEBUG:colcon.colcon_parallel_executor.executor.parallel:run_until_complete finished with '2'
[402.714s] DEBUG:colcon.colcon_core.event_reactor:joining thread
[403.111s] INFO:colcon.colcon_core.plugin_system:Skipping extension 'colcon_notification.desktop_notification.terminal_notifier': Not used on non-Darwin systems
[403.114s] INFO:colcon.colcon_core.plugin_system:Skipping extension 'colcon_notification.desktop_notification.win32': Not used on non-Windows systems
[403.114s] INFO:colcon.colcon_notification.desktop_notification:Sending desktop notification using 'notify2'
[403.803s] DEBUG:colcon.colcon_core.event_reactor:joined thread
[403.812s] INFO:colcon.colcon_core.shell:Creating prefix script '/home/petr/ros2_workspace/src/homework1_petr/install/local_setup.ps1'
[403.933s] INFO:colcon.colcon_core.shell:Creating prefix util module '/home/petr/ros2_workspace/src/homework1_petr/install/_local_setup_util_ps1.py'
[403.969s] INFO:colcon.colcon_core.shell:Creating prefix chain script '/home/petr/ros2_workspace/src/homework1_petr/install/setup.ps1'
[404.002s] INFO:colcon.colcon_core.shell:Creating prefix script '/home/petr/ros2_workspace/src/homework1_petr/install/local_setup.sh'
[404.033s] INFO:colcon.colcon_core.shell:Creating prefix util module '/home/petr/ros2_workspace/src/homework1_petr/install/_local_setup_util_sh.py'
[404.059s] INFO:colcon.colcon_core.shell:Creating prefix chain script '/home/petr/ros2_workspace/src/homework1_petr/install/setup.sh'
[404.100s] INFO:colcon.colcon_core.shell:Creating prefix script '/home/petr/ros2_workspace/src/homework1_petr/install/local_setup.bash'
[404.121s] INFO:colcon.colcon_core.shell:Creating prefix chain script '/home/petr/ros2_workspace/src/homework1_petr/install/setup.bash'
[404.147s] INFO:colcon.colcon_core.shell:Creating prefix script '/home/petr/ros2_workspace/src/homework1_petr/install/local_setup.zsh'
[404.155s] INFO:colcon.colcon_core.shell:Creating prefix chain script '/home/petr/ros2_workspace/src/homework1_petr/install/setup.zsh'
